0 verbose cli D:\app\node.js\node.exe D:\app\node.js\node_modules\npm\bin\npm-cli.js
1 info using npm@11.13.0
2 info using node@v24.16.0
3 silly config load:file:D:\app\node.js\node_modules\npm\npmrc
4 silly config load:file:F:\项目\web\.npmrc
5 silly config load:file:C:\Users\Sea\.npmrc
6 silly config load:file:C:\Users\Sea\AppData\Roaming\npm\etc\npmrc
7 verbose title npm install
8 verbose argv "install" "--cache" "F:\\项目\\web\\.npm-cache"
9 verbose logfile logs-max:10 dir:F:\项目\web\.npm-cache\_logs\2026-06-01T03_31_04_652Z-
10 verbose logfile F:\项目\web\.npm-cache\_logs\2026-06-01T03_31_04_652Z-debug-0.log
11 silly logfile done cleaning log files
12 silly packumentCache heap:4496293888 maxSize:1124073472 maxEntrySize:562036736
13 silly idealTree buildDeps
14 silly fetch manifest @supabase/supabase-js@^2.45.4
15 silly packumentCache full:https://registry.npmjs.org/@supabase%2fsupabase-js cache-miss
16 http fetch GET 200 https://registry.npmjs.org/npm 1829ms
17 http fetch GET 200 https://registry.npmjs.org/@supabase%2fsupabase-js 1827ms (cache miss)
18 silly packumentCache full:https://registry.npmjs.org/@supabase%2fsupabase-js set size:undefined disposed:false
19 silly fetch manifest echarts@^5.5.1
20 silly packumentCache full:https://registry.npmjs.org/echarts cache-miss
21 http fetch GET 200 https://registry.npmjs.org/echarts 275ms (cache miss)
22 silly packumentCache full:https://registry.npmjs.org/echarts set size:undefined disposed:false
23 silly fetch manifest echarts-for-react@^3.0.2
24 silly packumentCache full:https://registry.npmjs.org/echarts-for-react cache-miss
25 http fetch GET 200 https://registry.npmjs.org/echarts-for-react 254ms (cache miss)
26 silly packumentCache full:https://registry.npmjs.org/echarts-for-react set size:undefined disposed:false
27 silly fetch manifest react@^18.3.1
28 silly packumentCache full:https://registry.npmjs.org/react cache-miss
29 http fetch GET 200 https://registry.npmjs.org/react 1767ms (cache miss)
30 silly packumentCache full:https://registry.npmjs.org/react set size:undefined disposed:false
31 silly fetch manifest framer-motion@^11.11.11
32 silly packumentCache full:https://registry.npmjs.org/framer-motion cache-miss
33 http fetch GET 200 https://registry.npmjs.org/framer-motion 836ms (cache miss)
34 silly packumentCache full:https://registry.npmjs.org/framer-motion set size:undefined disposed:false
35 silly fetch manifest @emotion/is-prop-valid@*
36 silly packumentCache full:https://registry.npmjs.org/@emotion%2fis-prop-valid cache-miss
37 http fetch GET 200 https://registry.npmjs.org/@emotion%2fis-prop-valid 244ms (cache miss)
38 silly packumentCache full:https://registry.npmjs.org/@emotion%2fis-prop-valid set size:undefined disposed:false
39 silly fetch manifest react-dom@^18.3.1
40 silly packumentCache full:https://registry.npmjs.org/react-dom cache-miss
41 http fetch GET 200 https://registry.npmjs.org/react-dom 1008ms (cache miss)
42 silly packumentCache full:https://registry.npmjs.org/react-dom set size:undefined disposed:false
43 silly fetch manifest lucide-react@^0.454.0
44 silly packumentCache full:https://registry.npmjs.org/lucide-react cache-miss
45 http fetch GET 200 https://registry.npmjs.org/lucide-react 399ms (cache miss)
46 silly packumentCache full:https://registry.npmjs.org/lucide-react set size:undefined disposed:false
47 silly fetch manifest next@14.2.15
48 silly packumentCache full:https://registry.npmjs.org/next cache-miss
49 http fetch GET 200 https://registry.npmjs.org/next 963ms (cache miss)
50 silly packumentCache full:https://registry.npmjs.org/next set size:undefined disposed:false
51 silly fetch manifest @opentelemetry/api@^1.1.0
52 silly packumentCache full:https://registry.npmjs.org/@opentelemetry%2fapi cache-miss
53 http fetch GET 200 https://registry.npmjs.org/@opentelemetry%2fapi 262ms (cache miss)
54 silly packumentCache full:https://registry.npmjs.org/@opentelemetry%2fapi set size:undefined disposed:false
55 silly fetch manifest @playwright/test@^1.41.2
56 silly packumentCache full:https://registry.npmjs.org/@playwright%2ftest cache-miss
57 http fetch GET 200 https://registry.npmjs.org/@playwright%2ftest 640ms (cache miss)
58 silly packumentCache full:https://registry.npmjs.org/@playwright%2ftest set size:undefined disposed:false
59 silly fetch manifest sass@^1.3.0
60 silly packumentCache full:https://registry.npmjs.org/sass cache-miss
61 http fetch GET 200 https://registry.npmjs.org/sass 581ms (cache miss)
62 silly packumentCache full:https://registry.npmjs.org/sass set size:undefined disposed:false
63 silly fetch manifest react-icons@^5.3.0
64 silly packumentCache full:https://registry.npmjs.org/react-icons cache-miss
65 http fetch GET 200 https://registry.npmjs.org/react-icons 255ms (cache miss)
66 silly packumentCache full:https://registry.npmjs.org/react-icons set size:undefined disposed:false
67 silly fetch manifest clsx@^2.1.1
68 silly packumentCache full:https://registry.npmjs.org/clsx cache-miss
69 http fetch GET 200 https://registry.npmjs.org/clsx 237ms (cache miss)
70 silly packumentCache full:https://registry.npmjs.org/clsx set size:undefined disposed:false
71 silly fetch manifest tailwind-merge@^2.5.4
72 silly packumentCache full:https://registry.npmjs.org/tailwind-merge cache-miss
73 http fetch GET 200 https://registry.npmjs.org/tailwind-merge 324ms (cache miss)
74 silly packumentCache full:https://registry.npmjs.org/tailwind-merge set size:undefined disposed:false
75 silly fetch manifest @types/node@^22.7.5
76 silly packumentCache full:https://registry.npmjs.org/@types%2fnode cache-miss
77 http fetch GET 200 https://registry.npmjs.org/@types%2fnode 623ms (cache miss)
78 silly packumentCache full:https://registry.npmjs.org/@types%2fnode set size:undefined disposed:false
79 silly fetch manifest @types/react@^18.3.11
80 silly packumentCache full:https://registry.npmjs.org/@types%2freact cache-miss
81 http fetch GET 200 https://registry.npmjs.org/@types%2freact 875ms (cache miss)
82 silly packumentCache full:https://registry.npmjs.org/@types%2freact set size:undefined disposed:false
83 silly fetch manifest @types/react-dom@^18.3.1
84 silly packumentCache full:https://registry.npmjs.org/@types%2freact-dom cache-miss
85 http fetch GET 200 https://registry.npmjs.org/@types%2freact-dom 477ms (cache miss)
86 silly packumentCache full:https://registry.npmjs.org/@types%2freact-dom set size:undefined disposed:false
87 silly fetch manifest autoprefixer@^10.4.20
88 silly packumentCache full:https://registry.npmjs.org/autoprefixer cache-miss
89 http fetch GET 200 https://registry.npmjs.org/autoprefixer 331ms (cache miss)
90 silly packumentCache full:https://registry.npmjs.org/autoprefixer set size:undefined disposed:false
91 silly fetch manifest postcss@^8.4.47
92 silly packumentCache full:https://registry.npmjs.org/postcss cache-miss
93 http fetch GET 200 https://registry.npmjs.org/postcss 252ms (cache miss)
94 silly packumentCache full:https://registry.npmjs.org/postcss set size:undefined disposed:false
95 silly fetch manifest eslint@^9.12.0
96 silly packumentCache full:https://registry.npmjs.org/eslint cache-miss
97 http fetch GET 200 https://registry.npmjs.org/eslint 331ms (cache miss)
98 silly packumentCache full:https://registry.npmjs.org/eslint set size:undefined disposed:false
99 silly fetch manifest jiti@*
100 silly packumentCache full:https://registry.npmjs.org/jiti cache-miss
101 http fetch GET 200 https://registry.npmjs.org/jiti 279ms (cache miss)
102 silly packumentCache full:https://registry.npmjs.org/jiti set size:undefined disposed:false
103 silly fetch manifest eslint-config-next@14.2.15
104 silly packumentCache full:https://registry.npmjs.org/eslint-config-next cache-miss
105 http fetch GET 200 https://registry.npmjs.org/eslint-config-next 941ms (cache miss)
106 silly packumentCache full:https://registry.npmjs.org/eslint-config-next set size:undefined disposed:false
107 silly fetch manifest eslint@^7.23.0 || ^8.0.0
108 silly packumentCache full:https://registry.npmjs.org/eslint cache-miss
109 http cache https://registry.npmjs.org/eslint 13ms (cache hit)
110 silly packumentCache full:https://registry.npmjs.org/eslint set size:2004222 disposed:false
111 verbose stack Error: unable to resolve dependency tree
111 verbose stack     at #failPeerConflict (D:\app\node.js\node_modules\npm\node_modules\@npmcli\arborist\lib\arborist\build-ideal-tree.js:1403:25)
111 verbose stack     at #loadPeerSet (D:\app\node.js\node_modules\npm\node_modules\@npmcli\arborist\lib\arborist\build-ideal-tree.js:1369:33)
111 verbose stack     at async #buildDepStep (D:\app\node.js\node_modules\npm\node_modules\@npmcli\arborist\lib\arborist\build-ideal-tree.js:917:11)
111 verbose stack     at async Arborist.buildIdealTree (D:\app\node.js\node_modules\npm\node_modules\@npmcli\arborist\lib\arborist\build-ideal-tree.js:170:7)
111 verbose stack     at async Promise.all (index 1)
111 verbose stack     at async Arborist.reify (D:\app\node.js\node_modules\npm\node_modules\@npmcli\arborist\lib\arborist\reify.js:111:5)
111 verbose stack     at async Install.exec (D:\app\node.js\node_modules\npm\lib\commands\install.js:146:5)
111 verbose stack     at async Npm.exec (D:\app\node.js\node_modules\npm\lib\npm.js:193:9)
111 verbose stack     at async module.exports (D:\app\node.js\node_modules\npm\lib\cli\entry.js:67:5)
112 error code ERESOLVE
113 error ERESOLVE unable to resolve dependency tree
114 error
115 error While resolving: love-museum@1.0.0
115 error Found: eslint@9.39.4
115 error node_modules/eslint
115 error   dev eslint@"^9.12.0" from the root project
115 error
115 error Could not resolve dependency:
115 error peer eslint@"^7.23.0 || ^8.0.0" from eslint-config-next@14.2.15
115 error node_modules/eslint-config-next
115 error   dev eslint-config-next@"14.2.15" from the root project
115 error
115 error Fix the upstream dependency conflict, or retry this command with --force or --legacy-peer-deps to accept an incorrect (and potentially broken) dependency resolution.
116 error
116 error
116 error For a full report see:
116 error F:\项目\web\.npm-cache\_logs\2026-06-01T03_31_04_652Z-eresolve-report.txt
117 silly unfinished npm timer reify 1780284665121
118 silly unfinished npm timer reify:loadTrees 1780284665125
119 silly unfinished npm timer idealTree:buildDeps 1780284665135
120 silly unfinished npm timer idealTree:#root 1780284665135
121 verbose cwd F:\项目\web
122 verbose os Windows_NT 10.0.22631
123 verbose node v24.16.0
124 verbose npm  v11.13.0
125 notice
125 notice New minor version of npm available! 11.13.0 -> 11.16.0
125 notice Changelog: https://github.com/npm/cli/releases/tag/v11.16.0
125 notice To update run: npm install -g npm@11.16.0
125 notice  { force: true, Symbol(proc-log.meta): true }
126 verbose exit 1
127 verbose code 1
128 error A complete log of this run can be found in: F:\项目\web\.npm-cache\_logs\2026-06-01T03_31_04_652Z-debug-0.log
