0 verbose cli D:\app\node.js\node.exe D:\app\node.js\node_modules\npm\bin\npm-cli.js
1 info using npm@11.13.0
2 info using node@v24.16.0
3 silly config load:file:D:\app\node.js\node_modules\npm\npmrc
4 silly config load:file:F:\项目\web\.npmrc
5 silly config load:file:C:\Users\Sea\.npmrc
6 silly config load:file:C:\Users\Sea\AppData\Roaming\npm\etc\npmrc
7 verbose title npm install
8 verbose argv "install" "--cache" ".npm-cache" "--legacy-peer-deps"
9 verbose logfile logs-max:10 dir:F:\项目\web\.npm-cache\_logs\2026-06-02T12_44_31_134Z-
10 verbose logfile F:\项目\web\.npm-cache\_logs\2026-06-02T12_44_31_134Z-debug-0.log
11 silly logfile done cleaning log files
12 silly packumentCache heap:4496293888 maxSize:1124073472 maxEntrySize:562036736
13 silly idealTree buildDeps
14 silly reify moves {}
15 silly audit bulk request {
15 silly audit   '@alloc/quick-lru': [ '5.2.0' ],
15 silly audit   '@emnapi/core': [ '1.10.0' ],
15 silly audit   '@emnapi/runtime': [ '1.10.0' ],
15 silly audit   '@emnapi/wasi-threads': [ '1.2.1' ],
15 silly audit   '@eslint-community/eslint-utils': [ '4.9.1' ],
15 silly audit   'eslint-visitor-keys': [ '3.4.3', '5.0.1', '4.2.1' ],
15 silly audit   '@eslint-community/regexpp': [ '4.12.2' ],
15 silly audit   '@eslint/config-array': [ '0.21.2' ],
15 silly audit   '@eslint/config-helpers': [ '0.4.2' ],
15 silly audit   '@eslint/core': [ '0.17.0' ],
15 silly audit   '@eslint/eslintrc': [ '3.3.5' ],
15 silly audit   '@eslint/js': [ '9.39.4' ],
15 silly audit   '@eslint/object-schema': [ '2.1.7' ],
15 silly audit   '@eslint/plugin-kit': [ '0.4.1' ],
15 silly audit   '@humanfs/core': [ '0.19.2' ],
15 silly audit   '@humanfs/node': [ '0.16.8' ],
15 silly audit   '@humanfs/types': [ '0.15.0' ],
15 silly audit   '@humanwhocodes/module-importer': [ '1.0.1' ],
15 silly audit   '@humanwhocodes/retry': [ '0.4.3' ],
15 silly audit   '@isaacs/cliui': [ '8.0.2' ],
15 silly audit   '@jridgewell/gen-mapping': [ '0.3.13' ],
15 silly audit   '@jridgewell/resolve-uri': [ '3.1.2' ],
15 silly audit   '@jridgewell/sourcemap-codec': [ '1.5.5' ],
15 silly audit   '@jridgewell/trace-mapping': [ '0.3.31' ],
15 silly audit   '@napi-rs/wasm-runtime': [ '1.1.4' ],
15 silly audit   '@next/env': [ '14.2.15' ],
15 silly audit   '@next/eslint-plugin-next': [ '14.2.15' ],
15 silly audit   '@next/swc-darwin-arm64': [ '14.2.15' ],
15 silly audit   '@next/swc-darwin-x64': [ '14.2.15' ],
15 silly audit   '@next/swc-linux-arm64-gnu': [ '14.2.15' ],
15 silly audit   '@next/swc-linux-arm64-musl': [ '14.2.15' ],
15 silly audit   '@next/swc-linux-x64-gnu': [ '14.2.15' ],
15 silly audit   '@next/swc-linux-x64-musl': [ '14.2.15' ],
15 silly audit   '@next/swc-win32-arm64-msvc': [ '14.2.15' ],
15 silly audit   '@next/swc-win32-ia32-msvc': [ '14.2.15' ],
15 silly audit   '@next/swc-win32-x64-msvc': [ '14.2.15' ],
15 silly audit   '@nodelib/fs.scandir': [ '2.1.5' ],
15 silly audit   '@nodelib/fs.stat': [ '2.0.5' ],
15 silly audit   '@nodelib/fs.walk': [ '1.2.8' ],
15 silly audit   '@nolyfill/is-core-module': [ '1.0.39' ],
15 silly audit   '@pkgjs/parseargs': [ '0.11.0' ],
15 silly audit   '@rtsao/scc': [ '1.1.0' ],
15 silly audit   '@rushstack/eslint-patch': [ '1.16.1' ],
15 silly audit   '@supabase/auth-js': [ '2.106.2' ],
15 silly audit   '@supabase/functions-js': [ '2.106.2' ],
15 silly audit   '@supabase/phoenix': [ '0.4.2' ],
15 silly audit   '@supabase/postgrest-js': [ '2.106.2' ],
15 silly audit   '@supabase/realtime-js': [ '2.106.2' ],
15 silly audit   '@supabase/storage-js': [ '2.106.2' ],
15 silly audit   '@supabase/supabase-js': [ '2.106.2' ],
15 silly audit   '@swc/counter': [ '0.1.3' ],
15 silly audit   '@swc/helpers': [ '0.5.5' ],
15 silly audit   '@tybys/wasm-util': [ '0.10.2' ],
15 silly audit   '@types/estree': [ '1.0.9' ],
15 silly audit   '@types/json-schema': [ '7.0.15' ],
15 silly audit   '@types/json5': [ '0.0.29' ],
15 silly audit   '@types/node': [ '22.19.19' ],
15 silly audit   '@types/prop-types': [ '15.7.15' ],
15 silly audit   '@types/react': [ '18.3.29' ],
15 silly audit   '@types/react-dom': [ '18.3.7' ],
15 silly audit   '@typescript-eslint/eslint-plugin': [ '8.60.0' ],
15 silly audit   ignore: [ '7.0.5', '5.3.2' ],
15 silly audit   '@typescript-eslint/parser': [ '8.60.0' ],
15 silly audit   '@typescript-eslint/project-service': [ '8.60.0' ],
15 silly audit   '@typescript-eslint/scope-manager': [ '8.60.0' ],
15 silly audit   '@typescript-eslint/tsconfig-utils': [ '8.60.0' ],
15 silly audit   '@typescript-eslint/type-utils': [ '8.60.0' ],
15 silly audit   '@typescript-eslint/types': [ '8.60.0' ],
15 silly audit   '@typescript-eslint/typescript-estree': [ '8.60.0' ],
15 silly audit   'balanced-match': [ '4.0.4', '1.0.2' ],
15 silly audit   'brace-expansion': [ '5.0.6', '1.1.15', '2.1.1' ],
15 silly audit   minimatch: [ '10.2.5', '9.0.9', '3.1.5' ],
15 silly audit   '@typescript-eslint/utils': [ '8.60.0' ],
15 silly audit   '@typescript-eslint/visitor-keys': [ '8.60.0' ],
15 silly audit   '@unrs/resolver-binding-android-arm-eabi': [ '1.12.2' ],
15 silly audit   '@unrs/resolver-binding-android-arm64': [ '1.12.2' ],
15 silly audit   '@unrs/resolver-binding-darwin-arm64': [ '1.12.2' ],
15 silly audit   '@unrs/resolver-binding-darwin-x64': [ '1.12.2' ],
15 silly audit   '@unrs/resolver-binding-freebsd-x64': [ '1.12.2' ],
15 silly audit   '@unrs/resolver-binding-linux-arm-gnueabihf': [ '1.12.2' ],
15 silly audit   '@unrs/resolver-binding-linux-arm-musleabihf': [ '1.12.2' ],
15 silly audit   '@unrs/resolver-binding-linux-arm64-gnu': [ '1.12.2' ],
15 silly audit   '@unrs/resolver-binding-linux-arm64-musl': [ '1.12.2' ],
15 silly audit   '@unrs/resolver-binding-linux-loong64-gnu': [ '1.12.2' ],
15 silly audit   '@unrs/resolver-binding-linux-loong64-musl': [ '1.12.2' ],
15 silly audit   '@unrs/resolver-binding-linux-ppc64-gnu': [ '1.12.2' ],
15 silly audit   '@unrs/resolver-binding-linux-riscv64-gnu': [ '1.12.2' ],
15 silly audit   '@unrs/resolver-binding-linux-riscv64-musl': [ '1.12.2' ],
15 silly audit   '@unrs/resolver-binding-linux-s390x-gnu': [ '1.12.2' ],
15 silly audit   '@unrs/resolver-binding-linux-x64-gnu': [ '1.12.2' ],
15 silly audit   '@unrs/resolver-binding-linux-x64-musl': [ '1.12.2' ],
15 silly audit   '@unrs/resolver-binding-openharmony-arm64': [ '1.12.2' ],
15 silly audit   '@unrs/resolver-binding-wasm32-wasi': [ '1.12.2' ],
15 silly audit   '@unrs/resolver-binding-win32-arm64-msvc': [ '1.12.2' ],
15 silly audit   '@unrs/resolver-binding-win32-ia32-msvc': [ '1.12.2' ],
15 silly audit   '@unrs/resolver-binding-win32-x64-msvc': [ '1.12.2' ],
15 silly audit   acorn: [ '8.16.0' ],
15 silly audit   'acorn-jsx': [ '5.3.2' ],
15 silly audit   ajv: [ '6.15.0' ],
15 silly audit   'ansi-regex': [ '6.2.2', '5.0.1' ],
15 silly audit   'ansi-styles': [ '4.3.0', '6.2.3' ],
15 silly audit   'any-promise': [ '1.3.0' ],
15 silly audit   anymatch: [ '3.1.3' ],
15 silly audit   arg: [ '5.0.2' ],
15 silly audit   argparse: [ '2.0.1' ],
15 silly audit   'aria-query': [ '5.3.2' ],
15 silly audit   'array-buffer-byte-length': [ '1.0.2' ],
15 silly audit   'array-includes': [ '3.1.9' ],
15 silly audit   'array.prototype.findlast': [ '1.2.5' ],
15 silly audit   'array.prototype.findlastindex': [ '1.2.6' ],
15 silly audit   'array.prototype.flat': [ '1.3.3' ],
15 silly audit   'array.prototype.flatmap': [ '1.3.3' ],
15 silly audit   'array.prototype.tosorted': [ '1.1.4' ],
15 silly audit   'arraybuffer.prototype.slice': [ '1.0.4' ],
15 silly audit   'ast-types-flow': [ '0.0.8' ],
15 silly audit   'async-function': [ '1.0.0' ],
15 silly audit   autoprefixer: [ '10.5.0' ],
15 silly audit   'available-typed-arrays': [ '1.0.7' ],
15 silly audit   'axe-core': [ '4.11.4' ],
15 silly audit   'axobject-query': [ '4.1.0' ],
15 silly audit   'baseline-browser-mapping': [ '2.10.33' ],
15 silly audit   'binary-extensions': [ '2.3.0' ],
15 silly audit   braces: [ '3.0.3' ],
15 silly audit   browserslist: [ '4.28.2' ],
15 silly audit   busboy: [ '1.6.0' ],
15 silly audit   'call-bind': [ '1.0.9' ],
15 silly audit   'call-bind-apply-helpers': [ '1.0.2' ],
15 silly audit   'call-bound': [ '1.0.4' ],
15 silly audit   callsites: [ '3.1.0' ],
15 silly audit   'camelcase-css': [ '2.0.1' ],
15 silly audit   'caniuse-lite': [ '1.0.30001793' ],
15 silly audit   chalk: [ '4.1.2' ],
15 silly audit   chokidar: [ '3.6.0' ],
15 silly audit   'glob-parent': [ '5.1.2', '6.0.2' ],
15 silly audit   'client-only': [ '0.0.1' ],
15 silly audit   clsx: [ '2.1.1' ],
15 silly audit   'color-convert': [ '2.0.1' ],
15 silly audit   'color-name': [ '1.1.4' ],
15 silly audit   commander: [ '4.1.1' ],
15 silly audit   'concat-map': [ '0.0.1' ],
15 silly audit   'cross-spawn': [ '7.0.6' ],
15 silly audit   cssesc: [ '3.0.0' ],
15 silly audit   csstype: [ '3.2.3' ],
15 silly audit   'damerau-levenshtein': [ '1.0.8' ],
15 silly audit   'data-view-buffer': [ '1.0.2' ],
15 silly audit   'data-view-byte-length': [ '1.0.2' ],
15 silly audit   'data-view-byte-offset': [ '1.0.1' ],
15 silly audit   debug: [ '4.4.3', '3.2.7' ],
15 silly audit   'deep-is': [ '0.1.4' ],
15 silly audit   'define-data-property': [ '1.1.4' ],
15 silly audit   'define-properties': [ '1.2.1' ],
15 silly audit   didyoumean: [ '1.2.2' ],
15 silly audit   dlv: [ '1.1.3' ],
15 silly audit   doctrine: [ '2.1.0' ],
15 silly audit   'dunder-proto': [ '1.0.1' ],
15 silly audit   eastasianwidth: [ '0.2.0' ],
15 silly audit   echarts: [ '5.6.0' ],
15 silly audit   'echarts-for-react': [ '3.0.6' ],
15 silly audit   tslib: [ '2.3.0', '2.8.1' ],
15 silly audit   'electron-to-chromium': [ '1.5.364' ],
15 silly audit   'emoji-regex': [ '9.2.2', '8.0.0' ],
15 silly audit   'es-abstract': [ '1.24.2' ],
15 silly audit   'es-define-property': [ '1.0.1' ],
15 silly audit   'es-errors': [ '1.3.0' ],
15 silly audit   'es-iterator-helpers': [ '1.3.2' ],
15 silly audit   'es-object-atoms': [ '1.1.2' ],
15 silly audit   'es-set-tostringtag': [ '2.1.0' ],
15 silly audit   'es-shim-unscopables': [ '1.1.0' ],
15 silly audit   'es-to-primitive': [ '1.3.0' ],
15 silly audit   escalade: [ '3.2.0' ],
15 silly audit   'escape-string-regexp': [ '4.0.0' ],
15 silly audit   eslint: [ '9.39.4' ],
15 silly audit   'eslint-config-next': [ '14.2.15' ],
15 silly audit   'eslint-import-resolver-node': [ '0.3.10' ],
15 silly audit   'eslint-import-resolver-typescript': [ '3.10.1' ],
15 silly audit   'eslint-module-utils': [ '2.13.0' ],
15 silly audit   'eslint-plugin-import': [ '2.32.0' ],
15 silly audit   semver: [ '6.3.1', '7.8.1' ],
15 silly audit   'eslint-plugin-jsx-a11y': [ '6.10.2' ],
15 silly audit   'eslint-plugin-react': [ '7.37.5' ],
15 silly audit   'eslint-plugin-react-hooks': [ '5.0.0-canary-7118f5dd7-20230705' ],
15 silly audit   'eslint-scope': [ '8.4.0' ],
15 silly audit   espree: [ '10.4.0' ],
15 silly audit   esquery: [ '1.7.0' ],
15 silly audit   esrecurse: [ '4.3.0' ],
15 silly audit   estraverse: [ '5.3.0' ],
15 silly audit   esutils: [ '2.0.3' ],
15 silly audit   'fast-deep-equal': [ '3.1.3' ],
15 silly audit   'fast-glob': [ '3.3.3' ],
15 silly audit   'fast-json-stable-stringify': [ '2.1.0' ],
15 silly audit   'fast-levenshtein': [ '2.0.6' ],
15 silly audit   fastq: [ '1.20.1' ],
15 silly audit   fdir: [ '6.5.0' ],
15 silly audit   'file-entry-cache': [ '8.0.0' ],
15 silly audit   'fill-range': [ '7.1.1' ],
15 silly audit   'find-up': [ '5.0.0' ],
15 silly audit   'flat-cache': [ '4.0.1' ],
15 silly audit   flatted: [ '3.4.2' ],
15 silly audit   'for-each': [ '0.3.5' ],
15 silly audit   'foreground-child': [ '3.3.1' ],
15 silly audit   'fraction.js': [ '5.3.4' ],
15 silly audit   'framer-motion': [ '11.18.2' ],
15 silly audit   fsevents: [ '2.3.3' ],
15 silly audit   'function-bind': [ '1.1.2' ],
15 silly audit   'function.prototype.name': [ '1.1.8' ],
15 silly audit   'functions-have-names': [ '1.2.3' ],
15 silly audit   'generator-function': [ '2.0.1' ],
15 silly audit   'get-intrinsic': [ '1.3.0' ],
15 silly audit   'get-proto': [ '1.0.1' ],
15 silly audit   'get-symbol-description': [ '1.1.0' ],
15 silly audit   'get-tsconfig': [ '4.14.0' ],
15 silly audit   glob: [ '10.3.10' ],
15 silly audit   globals: [ '14.0.0' ],
15 silly audit   globalthis: [ '1.0.4' ],
15 silly audit   gopd: [ '1.2.0' ],
15 silly audit   'graceful-fs': [ '4.2.11' ],
15 silly audit   'has-bigints': [ '1.1.0' ],
15 silly audit   'has-flag': [ '4.0.0' ],
15 silly audit   'has-property-descriptors': [ '1.0.2' ],
15 silly audit   'has-proto': [ '1.2.0' ],
15 silly audit   'has-symbols': [ '1.1.0' ],
15 silly audit   'has-tostringtag': [ '1.0.2' ],
15 silly audit   hasown: [ '2.0.4' ],
15 silly audit   'iceberg-js': [ '0.8.1' ],
15 silly audit   'import-fresh': [ '3.3.1' ],
15 silly audit   imurmurhash: [ '0.1.4' ],
15 silly audit   'internal-slot': [ '1.1.0' ],
15 silly audit   'is-array-buffer': [ '3.0.5' ],
15 silly audit   'is-async-function': [ '2.1.1' ],
15 silly audit   'is-bigint': [ '1.1.0' ],
15 silly audit   'is-binary-path': [ '2.1.0' ],
15 silly audit   'is-boolean-object': [ '1.2.2' ],
15 silly audit   'is-bun-module': [ '2.0.0' ],
15 silly audit   'is-callable': [ '1.2.7' ],
15 silly audit   'is-core-module': [ '2.16.2' ],
15 silly audit   'is-data-view': [ '1.0.2' ],
15 silly audit   'is-date-object': [ '1.1.0' ],
15 silly audit   'is-extglob': [ '2.1.1' ],
15 silly audit   'is-finalizationregistry': [ '1.1.1' ],
15 silly audit   'is-fullwidth-code-point': [ '3.0.0' ],
15 silly audit   'is-generator-function': [ '1.1.2' ],
15 silly audit   'is-glob': [ '4.0.3' ],
15 silly audit   'is-map': [ '2.0.3' ],
15 silly audit   'is-negative-zero': [ '2.0.3' ],
15 silly audit   'is-number': [ '7.0.0' ],
15 silly audit   'is-number-object': [ '1.1.1' ],
15 silly audit   'is-regex': [ '1.2.1' ],
15 silly audit   'is-set': [ '2.0.3' ],
15 silly audit   'is-shared-array-buffer': [ '1.0.4' ],
15 silly audit   'is-string': [ '1.1.1' ],
15 silly audit   'is-symbol': [ '1.1.1' ],
15 silly audit   'is-typed-array': [ '1.1.15' ],
15 silly audit   'is-weakmap': [ '2.0.2' ],
15 silly audit   'is-weakref': [ '1.1.1' ],
15 silly audit   'is-weakset': [ '2.0.4' ],
15 silly audit   isarray: [ '2.0.5' ],
15 silly audit   isexe: [ '2.0.0' ],
15 silly audit   'iterator.prototype': [ '1.1.5' ],
15 silly audit   jackspeak: [ '2.3.6' ],
15 silly audit   jiti: [ '1.21.7' ],
15 silly audit   'js-tokens': [ '4.0.0' ],
15 silly audit   'js-yaml': [ '4.2.0' ],
15 silly audit   'json-buffer': [ '3.0.1' ],
15 silly audit   'json-schema-traverse': [ '0.4.1' ],
15 silly audit   'json-stable-stringify-without-jsonify': [ '1.0.1' ],
15 silly audit   json5: [ '1.0.2' ],
15 silly audit   'jsx-ast-utils': [ '3.3.5' ],
15 silly audit   keyv: [ '4.5.4' ],
15 silly audit   'language-subtag-registry': [ '0.3.23' ],
15 silly audit   'language-tags': [ '1.0.9' ],
15 silly audit   levn: [ '0.4.1' ],
15 silly audit   lilconfig: [ '3.1.3' ],
15 silly audit   'lines-and-columns': [ '1.2.4' ],
15 silly audit   'locate-path': [ '6.0.0' ],
15 silly audit   'lodash.merge': [ '4.6.2' ],
15 silly audit   'loose-envify': [ '1.4.0' ],
15 silly audit   'lru-cache': [ '10.4.3' ],
15 silly audit   'lucide-react': [ '0.454.0' ],
15 silly audit   'math-intrinsics': [ '1.1.0' ],
15 silly audit   merge2: [ '1.4.1' ],
15 silly audit   micromatch: [ '4.0.8' ],
15 silly audit   minimist: [ '1.2.8' ],
15 silly audit   minipass: [ '7.1.3' ],
15 silly audit   'motion-dom': [ '11.18.1' ],
15 silly audit   'motion-utils': [ '11.18.1' ],
15 silly audit   ms: [ '2.1.3' ],
15 silly audit   mz: [ '2.7.0' ],
15 silly audit   nanoid: [ '3.3.12' ],
15 silly audit   'napi-postinstall': [ '0.3.4' ],
15 silly audit   'natural-compare': [ '1.4.0' ],
15 silly audit   next: [ '14.2.15' ],
15 silly audit   postcss: [ '8.4.31', '8.5.15' ],
15 silly audit   'node-exports-info': [ '1.6.0' ],
15 silly audit   'node-releases': [ '2.0.46' ],
15 silly audit   'normalize-path': [ '3.0.0' ],
15 silly audit   'object-assign': [ '4.1.1' ],
15 silly audit   'object-hash': [ '3.0.0' ],
15 silly audit   'object-inspect': [ '1.13.4' ],
15 silly audit   'object-keys': [ '1.1.1' ],
15 silly audit   'object.assign': [ '4.1.7' ],
15 silly audit   'object.entries': [ '1.1.9' ],
15 silly audit   'object.fromentries': [ '2.0.8' ],
15 silly audit   'object.groupby': [ '1.0.3' ],
15 silly audit   'object.values': [ '1.2.1' ],
15 silly audit   optionator: [ '0.9.4' ],
15 silly audit   'own-keys': [ '1.0.1' ],
15 silly audit   'p-limit': [ '3.1.0' ],
15 silly audit   'p-locate': [ '5.0.0' ],
15 silly audit   'parent-module': [ '1.0.1' ],
15 silly audit   'path-exists': [ '4.0.0' ],
15 silly audit   'path-key': [ '3.1.1' ],
15 silly audit   'path-parse': [ '1.0.7' ],
15 silly audit   'path-scurry': [ '1.11.1' ],
15 silly audit   picocolors: [ '1.1.1' ],
15 silly audit   picomatch: [ '2.3.2', '4.0.4' ],
15 silly audit   pify: [ '2.3.0' ],
15 silly audit   pirates: [ '4.0.7' ],
15 silly audit   'possible-typed-array-names': [ '1.1.0' ],
15 silly audit   'postcss-import': [ '15.1.0' ],
15 silly audit   resolve: [ '1.22.12', '2.0.0-next.7' ],
15 silly audit   'postcss-js': [ '4.1.0' ],
15 silly audit   'postcss-load-config': [ '6.0.1' ],
15 silly audit   'postcss-nested': [ '6.2.0' ],
15 silly audit   'postcss-selector-parser': [ '6.1.2' ],
15 silly audit   'postcss-value-parser': [ '4.2.0' ],
15 silly audit   'prelude-ls': [ '1.2.1' ],
15 silly audit   'prop-types': [ '15.8.1' ],
15 silly audit   punycode: [ '2.3.1' ],
15 silly audit   'queue-microtask': [ '1.2.3' ],
15 silly audit   react: [ '18.3.1' ],
15 silly audit   'react-dom': [ '18.3.1' ],
15 silly audit   'react-icons': [ '5.6.0' ],
15 silly audit   'react-is': [ '16.13.1' ],
15 silly audit   'read-cache': [ '1.0.0' ],
15 silly audit   readdirp: [ '3.6.0' ],
15 silly audit   'reflect.getprototypeof': [ '1.0.10' ],
15 silly audit   'regexp.prototype.flags': [ '1.5.4' ],
15 silly audit   'resolve-from': [ '4.0.0' ],
15 silly audit   'resolve-pkg-maps': [ '1.0.0' ],
15 silly audit   reusify: [ '1.1.0' ],
15 silly audit   'run-parallel': [ '1.2.0' ],
15 silly audit   'safe-array-concat': [ '1.1.4' ],
15 silly audit   'safe-push-apply': [ '1.0.0' ],
15 silly audit   'safe-regex-test': [ '1.1.0' ],
15 silly audit   scheduler: [ '0.23.2' ],
15 silly audit   'set-function-length': [ '1.2.2' ],
15 silly audit   'set-function-name': [ '2.0.2' ],
15 silly audit   'set-proto': [ '1.0.0' ],
15 silly audit   'shebang-command': [ '2.0.0' ],
15 silly audit   'shebang-regex': [ '3.0.0' ],
15 silly audit   'side-channel': [ '1.1.0' ],
15 silly audit   'side-channel-list': [ '1.0.1' ],
15 silly audit   'side-channel-map': [ '1.0.1' ],
15 silly audit   'side-channel-weakmap': [ '1.0.2' ],
15 silly audit   'signal-exit': [ '4.1.0' ],
15 silly audit   'size-sensor': [ '1.0.3' ],
15 silly audit   'source-map-js': [ '1.2.1' ],
15 silly audit   'stable-hash': [ '0.0.5' ],
15 silly audit   'stop-iteration-iterator': [ '1.1.0' ],
15 silly audit   streamsearch: [ '1.1.0' ],
15 silly audit   'string-width': [ '5.1.2', '4.2.3' ],
15 silly audit   'strip-ansi': [ '6.0.1', '7.2.0' ],
15 silly audit   'string.prototype.includes': [ '2.0.1' ],
15 silly audit   'string.prototype.matchall': [ '4.0.12' ],
15 silly audit   'string.prototype.repeat': [ '1.0.0' ],
15 silly audit   'string.prototype.trim': [ '1.2.10' ],
15 silly audit   'string.prototype.trimend': [ '1.0.9' ],
15 silly audit   'string.prototype.trimstart': [ '1.0.8' ],
15 silly audit   'strip-bom': [ '3.0.0' ],
15 silly audit   'strip-json-comments': [ '3.1.1' ],
15 silly audit   'styled-jsx': [ '5.1.1' ],
15 silly audit   sucrase: [ '3.35.1' ],
15 silly audit   'supports-color': [ '7.2.0' ],
15 silly audit   'supports-preserve-symlinks-flag': [ '1.0.0' ],
15 silly audit   'tailwind-merge': [ '2.6.1' ],
15 silly audit   tailwindcss: [ '3.4.19' ],
15 silly audit   thenify: [ '3.3.1' ],
15 silly audit   'thenify-all': [ '1.6.0' ],
15 silly audit   tinyglobby: [ '0.2.17' ],
15 silly audit   'to-regex-range': [ '5.0.1' ],
15 silly audit   'ts-api-utils': [ '2.5.0' ],
15 silly audit   'ts-interface-checker': [ '0.1.13' ],
15 silly audit   'tsconfig-paths': [ '3.15.0' ],
15 silly audit   'type-check': [ '0.4.0' ],
15 silly audit   'typed-array-buffer': [ '1.0.3' ],
15 silly audit   'typed-array-byte-length': [ '1.0.3' ],
15 silly audit   'typed-array-byte-offset': [ '1.0.4' ],
15 silly audit   'typed-array-length': [ '1.0.8' ],
15 silly audit   typescript: [ '5.9.3' ],
15 silly audit   'unbox-primitive': [ '1.1.0' ],
15 silly audit   'undici-types': [ '6.21.0' ],
15 silly audit   'unrs-resolver': [ '1.12.2' ],
15 silly audit   'update-browserslist-db': [ '1.2.3' ],
15 silly audit   'uri-js': [ '4.4.1' ],
15 silly audit   'util-deprecate': [ '1.0.2' ],
15 silly audit   which: [ '2.0.2' ],
15 silly audit   'which-boxed-primitive': [ '1.1.1' ],
15 silly audit   'which-builtin-type': [ '1.2.1' ],
15 silly audit   'which-collection': [ '1.0.2' ],
15 silly audit   'which-typed-array': [ '1.1.21' ],
15 silly audit   'word-wrap': [ '1.2.5' ],
15 silly audit   'wrap-ansi': [ '8.1.0', '7.0.0' ],
15 silly audit   'yocto-queue': [ '0.1.0' ],
15 silly audit   zrender: [ '5.6.1' ]
15 silly audit }
16 http fetch POST 200 https://registry.npmjs.org/-/npm/v1/security/advisories/bulk 1274ms
17 silly audit report {
17 silly audit report   glob: [
17 silly audit report     {
17 silly audit report       id: 1109842,
17 silly audit report       url: 'https://github.com/advisories/GHSA-5j98-mcp5-4vw2',
17 silly audit report       title: 'glob CLI: Command injection via -c/--cmd executes matches with shell:true',
17 silly audit report       severity: 'high',
17 silly audit report       vulnerable_versions: '>=10.2.0 <10.5.0',
17 silly audit report       cwe: [Array],
17 silly audit report       cvss: [Object]
17 silly audit report     }
17 silly audit report   ],
17 silly audit report   next: [
17 silly audit report     {
17 silly audit report       id: 1117931,
17 silly audit report       url: 'https://github.com/advisories/GHSA-8h8q-6873-q5fj',
17 silly audit report       title: 'Next.js Vulnerable to Denial of Service with Server Components',
17 silly audit report       severity: 'high',
17 silly audit report       vulnerable_versions: '>=13.0.0 <15.5.16',
17 silly audit report       cwe: [Array],
17 silly audit report       cvss: [Object]
17 silly audit report     },
17 silly audit report     {
17 silly audit report       id: 1101438,
17 silly audit report       url: 'https://github.com/advisories/GHSA-7m27-7ghc-44w9',
17 silly audit report       title: 'Next.js Allows a Denial of Service (DoS) with Server Actions',
17 silly audit report       severity: 'moderate',
17 silly audit report       vulnerable_versions: '>=14.0.0 <14.2.21',
17 silly audit report       cwe: [Array],
17 silly audit report       cvss: [Object]
17 silly audit report     },
17 silly audit report     {
17 silly audit report       id: 1105461,
17 silly audit report       url: 'https://github.com/advisories/GHSA-3h52-269p-cp9r',
17 silly audit report       title: 'Information exposure in Next.js dev server due to lack of origin verification',
17 silly audit report       severity: 'low',
17 silly audit report       vulnerable_versions: '>=13.0 <14.2.30',
17 silly audit report       cwe: [Array],
17 silly audit report       cvss: [Object]
17 silly audit report     },
17 silly audit report     {
17 silly audit report       id: 1111391,
17 silly audit report       url: 'https://github.com/advisories/GHSA-mwv6-3258-q52c',
17 silly audit report       title: 'Next Vulnerable to Denial of Service with Server Components',
17 silly audit report       severity: 'high',
17 silly audit report       vulnerable_versions: '>=13.3.0 <14.2.34',
17 silly audit report       cwe: [Array],
17 silly audit report       cvss: [Object]
17 silly audit report     },
17 silly audit report     {
17 silly audit report       id: 1107226,
17 silly audit report       url: 'https://github.com/advisories/GHSA-g5qg-72qw-gw5v',
17 silly audit report       title: 'Next.js Affected by Cache Key Confusion for Image Optimization API Routes',
17 silly audit report       severity: 'moderate',
17 silly audit report       vulnerable_versions: '>=0.9.9 <14.2.31',
17 silly audit report       cwe: [Array],
17 silly audit report       cvss: [Object]
17 silly audit report     },
17 silly audit report     {
17 silly audit report       id: 1107512,
17 silly audit report       url: 'https://github.com/advisories/GHSA-4342-x723-ch2f',
17 silly audit report       title: 'Next.js Improper Middleware Redirect Handling Leads to SSRF',
17 silly audit report       severity: 'moderate',
17 silly audit report       vulnerable_versions: '>=0.9.9 <14.2.32',
17 silly audit report       cwe: [Array],
17 silly audit report       cvss: [Object]
17 silly audit report     },
17 silly audit report     {
17 silly audit report       id: 1107513,
17 silly audit report       url: 'https://github.com/advisories/GHSA-xv57-4mr9-wg8v',
17 silly audit report       title: 'Next.js Content Injection Vulnerability for Image Optimization',
17 silly audit report       severity: 'moderate',
17 silly audit report       vulnerable_versions: '>=0.9.9 <14.2.31',
17 silly audit report       cwe: [Array],
17 silly audit report       cvss: [Object]
17 silly audit report     },
17 silly audit report     {
17 silly audit report       id: 1112182,
17 silly audit report       url: 'https://github.com/advisories/GHSA-5j59-xgg2-r9c4',
17 silly audit report       title: 'Next has a Denial of Service with Server Components - Incomplete Fix Follow-Up',
17 silly audit report       severity: 'high',
17 silly audit report       vulnerable_versions: '>=13.3.1-canary.0 <14.2.35',
17 silly audit report       cwe: [Array],
17 silly audit report       cvss: [Object]
17 silly audit report     },
17 silly audit report     {
17 silly audit report       id: 1108291,
17 silly audit report       url: 'https://github.com/advisories/GHSA-qpjv-v59x-3qc4',
17 silly audit report       title: 'Next.js Race Condition to Cache Poisoning',
17 silly audit report       severity: 'low',
17 silly audit report       vulnerable_versions: '>=0.9.9 <14.2.24',
17 silly audit report       cwe: [Array],
17 silly audit report       cvss: [Object]
17 silly audit report     },
17 silly audit report     {
17 silly audit report       id: 1118942,
17 silly audit report       url: 'https://github.com/advisories/GHSA-3g8h-86w9-wvmq',
17 silly audit report       title: "Next.js's Middleware / Proxy redirects can be cache-poisoned",
17 silly audit report       severity: 'low',
17 silly audit report       vulnerable_versions: '>=12.2.0 <15.5.16',
17 silly audit report       cwe: [Array],
17 silly audit report       cvss: [Object]
17 silly audit report     },
17 silly audit report     {
17 silly audit report       id: 1118944,
17 silly audit report       url: 'https://github.com/advisories/GHSA-ffhc-5mcf-pf4q',
17 silly audit report       title: 'Next.js vulnerable to cross-site scripting in App Router applications using CSP nonces',
17 silly audit report       severity: 'moderate',
17 silly audit report       vulnerable_versions: '>=13.4.0 <15.5.16',
17 silly audit report       cwe: [Array],
17 silly audit report       cvss: [Object]
17 silly audit report     },
17 silly audit report     {
17 silly audit report       id: 1118946,
17 silly audit report       url: 'https://github.com/advisories/GHSA-vfv6-92ff-j949',
17 silly audit report       title: 'Next.js vulnerable to cache poisoning via collisions in React Server Component cache-busting',
17 silly audit report       severity: 'low',
17 silly audit report       vulnerable_versions: '>=13.4.6 <15.5.16',
17 silly audit report       cwe: [Array],
17 silly audit report       cvss: [Object]
17 silly audit report     },
17 silly audit report     {
17 silly audit report       id: 1118948,
17 silly audit report       url: 'https://github.com/advisories/GHSA-gx5p-jg67-6x7h',
17 silly audit report       title: 'Next.js has cross-site scripting in beforeInteractive scripts with untrusted input',
17 silly audit report       severity: 'moderate',
17 silly audit report       vulnerable_versions: '>=13.0.0 <15.5.16',
17 silly audit report       cwe: [Array],
17 silly audit report       cvss: [Object]
17 silly audit report     },
17 silly audit report     {
17 silly audit report       id: 1118952,
17 silly audit report       url: 'https://github.com/advisories/GHSA-h64f-5h5j-jqjh',
17 silly audit report       title: 'Next.js has a Denial of Service in the Image Optimization API',
17 silly audit report       severity: 'moderate',
17 silly audit report       vulnerable_versions: '>=10.0.0 <15.5.16',
17 silly audit report       cwe: [Array],
17 silly audit report       cvss: [Object]
17 silly audit report     },
17 silly audit report     {
17 silly audit report       id: 1118954,
17 silly audit report       url: 'https://github.com/advisories/GHSA-c4j6-fc7j-m34r',
17 silly audit report       title: 'Next.js vulnerable to server-side request forgery in applications using WebSocket upgrades',
17 silly audit report       severity: 'high',
17 silly audit report       vulnerable_versions: '>=13.4.13 <15.5.16',
17 silly audit report       cwe: [Array],
17 silly audit report       cvss: [Object]
17 silly audit report     },
17 silly audit report     {
17 silly audit report       id: 1118958,
17 silly audit report       url: 'https://github.com/advisories/GHSA-wfc6-r584-vfw7',
17 silly audit report       title: 'Next.js vulnerable to cache poisoning in React Server Component responses',
17 silly audit report       severity: 'moderate',
17 silly audit report       vulnerable_versions: '>=14.2.0 <15.5.16',
17 silly audit report       cwe: [Array],
17 silly audit report       cvss: [Object]
17 silly audit report     },
17 silly audit report     {
17 silly audit report       id: 1118962,
17 silly audit report       url: 'https://github.com/advisories/GHSA-36qx-fr4f-26g5',
17 silly audit report       title: 'Next.js has a Middleware / Proxy bypass in Pages Router applications using i18n',
17 silly audit report       severity: 'high',
17 silly audit report       vulnerable_versions: '>=12.2.0 <15.5.16',
17 silly audit report       cwe: [Array],
17 silly audit report       cvss: [Object]
17 silly audit report     },
17 silly audit report     {
17 silly audit report       id: 1112593,
17 silly audit report       url: 'https://github.com/advisories/GHSA-9g9p-9gw9-jx7f',
17 silly audit report       title: 'Next.js self-hosted applications vulnerable to DoS via Image Optimizer remotePatterns configuration',
17 silly audit report       severity: 'moderate',
17 silly audit report       vulnerable_versions: '>=10.0.0 <15.5.10',
17 silly audit report       cwe: [Array],
17 silly audit report       cvss: [Object]
17 silly audit report     },
17 silly audit report     {
17 silly audit report       id: 1112653,
17 silly audit report       url: 'https://github.com/advisories/GHSA-h25m-26qc-wcjf',
17 silly audit report       title: 'Next.js HTTP request deserialization can lead to DoS when using insecure React Server Components',
17 silly audit report       severity: 'high',
17 silly audit report       vulnerable_versions: '>=13.0.0 <15.0.8',
17 silly audit report       cwe: [Array],
17 silly audit report       cvss: [Object]
17 silly audit report     },
17 silly audit report     {
17 silly audit report       id: 1113689,
17 silly audit report       url: 'https://github.com/advisories/GHSA-f82v-jwr5-mffw',
17 silly audit report       title: 'Authorization Bypass in Next.js Middleware',
17 silly audit report       severity: 'critical',
17 silly audit report       vulnerable_versions: '>=14.0.0 <14.2.25',
17 silly audit report       cwe: [Array],
17 silly audit report       cvss: [Object]
17 silly audit report     },
17 silly audit report     {
17 silly audit report       id: 1114897,
17 silly audit report       url: 'https://github.com/advisories/GHSA-ggv3-7p47-pfv8',
17 silly audit report       title: 'Next.js: HTTP request smuggling in rewrites',
17 silly audit report       severity: 'moderate',
17 silly audit report       vulnerable_versions: '>=9.5.0 <15.5.13',
17 silly audit report       cwe: [Array],
17 silly audit report       cvss: [Object]
17 silly audit report     },
17 silly audit report     {
17 silly audit report       id: 1114940,
17 silly audit report       url: 'https://github.com/advisories/GHSA-3x4c-7xq6-9pq8',
17 silly audit report       title: 'Next.js: Unbounded next/image disk cache growth can exhaust storage',
17 silly audit report       severity: 'moderate',
17 silly audit report       vulnerable_versions: '>=10.0.0 <15.5.14',
17 silly audit report       cwe: [Array],
17 silly audit report       cvss: [Object]
17 silly audit report     },
17 silly audit report     {
17 silly audit report       id: 1116376,
17 silly audit report       url: 'https://github.com/advisories/GHSA-q4gf-8mx6-v5v3',
17 silly audit report       title: 'Next.js has a Denial of Service with Server Components',
17 silly audit report       severity: 'high',
17 silly audit report       vulnerable_versions: '>=13.0.0 <15.5.15',
17 silly audit report       cwe: [Array],
17 silly audit report       cvss: [Object]
17 silly audit report     }
17 silly audit report   ],
17 silly audit report   postcss: [
17 silly audit report     {
17 silly audit report       id: 1117015,
17 silly audit report       url: 'https://github.com/advisories/GHSA-qx2v-qp2m-jg93',
17 silly audit report       title: 'PostCSS has XSS via Unescaped </style> in its CSS Stringify Output',
17 silly audit report       severity: 'moderate',
17 silly audit report       vulnerable_versions: '<8.5.10',
17 silly audit report       cwe: [Array],
17 silly audit report       cvss: [Object]
17 silly audit report     }
17 silly audit report   ]
17 silly audit report }
18 silly packumentCache corgi:https://registry.npmjs.org/glob cache-miss
19 silly packumentCache corgi:https://registry.npmjs.org/next cache-miss
20 silly packumentCache corgi:https://registry.npmjs.org/postcss cache-miss
21 http fetch GET 200 https://registry.npmjs.org/glob 987ms (cache revalidated)
22 silly packumentCache corgi:https://registry.npmjs.org/glob set size:199194 disposed:false
23 http fetch GET 200 https://registry.npmjs.org/postcss 989ms (cache revalidated)
24 silly packumentCache corgi:https://registry.npmjs.org/postcss set size:344717 disposed:false
25 http fetch GET 200 https://registry.npmjs.org/next 2449ms (cache updated)
26 silly packumentCache corgi:https://registry.npmjs.org/next set size:undefined disposed:false
27 silly packumentCache corgi:https://registry.npmjs.org/@next%2feslint-plugin-next cache-miss
28 http fetch GET 200 https://registry.npmjs.org/@next%2feslint-plugin-next 2094ms (cache updated)
29 silly packumentCache corgi:https://registry.npmjs.org/@next%2feslint-plugin-next set size:undefined disposed:false
30 silly packumentCache corgi:https://registry.npmjs.org/eslint-config-next cache-miss
31 http fetch GET 200 https://registry.npmjs.org/eslint-config-next 1513ms (cache updated)
32 silly packumentCache corgi:https://registry.npmjs.org/eslint-config-next set size:undefined disposed:false
33 verbose cwd F:\项目\web
34 verbose os Windows_NT 10.0.22631
35 verbose node v24.16.0
36 verbose npm  v11.13.0
37 verbose exit 0
38 info ok
