0 verbose cli D:\app\node.js\node.exe D:\app\node.js\node_modules\npm\bin\npm-cli.js
1 info using npm@11.13.0
2 info using node@v24.16.0
3 silly config load:file:D:\app\node.js\node_modules\npm\npmrc
4 silly config load:file:F:\项目\web\.npmrc
5 silly config load:file:C:\Users\Sea\.npmrc
6 silly config load:file:C:\Users\Sea\AppData\Roaming\npm\etc\npmrc
7 verbose title npm install
8 verbose argv "install" "--cache" ".npm-cache"
9 verbose logfile logs-max:10 dir:F:\项目\web\.npm-cache\_logs\2026-06-02T12_44_23_649Z-
10 verbose logfile F:\项目\web\.npm-cache\_logs\2026-06-02T12_44_23_649Z-debug-0.log
11 silly logfile done cleaning log files
12 silly packumentCache heap:4496293888 maxSize:1124073472 maxEntrySize:562036736
13 silly idealTree buildDeps
14 silly fetch manifest eslint@^7.23.0 || ^8.0.0
15 silly packumentCache full:https://registry.npmjs.org/eslint cache-miss
16 http fetch GET 200 https://registry.npmjs.org/eslint 900ms (cache revalidated)
17 silly packumentCache full:https://registry.npmjs.org/eslint set size:2004222 disposed:false
18 verbose stack Error: could not resolve
18 verbose stack     at PlaceDep.failPeerConflict (D:\app\node.js\node_modules\npm\node_modules\@npmcli\arborist\lib\place-dep.js:503:25)
18 verbose stack     at new PlaceDep (D:\app\node.js\node_modules\npm\node_modules\@npmcli\arborist\lib\place-dep.js:157:21)
18 verbose stack     at #buildDepStep (D:\app\node.js\node_modules\npm\node_modules\@npmcli\arborist\lib\arborist\build-ideal-tree.js:933:18)
18 verbose stack     at async Arborist.buildIdealTree (D:\app\node.js\node_modules\npm\node_modules\@npmcli\arborist\lib\arborist\build-ideal-tree.js:170:7)
18 verbose stack     at async Promise.all (index 1)
18 verbose stack     at async Arborist.reify (D:\app\node.js\node_modules\npm\node_modules\@npmcli\arborist\lib\arborist\reify.js:111:5)
18 verbose stack     at async Install.exec (D:\app\node.js\node_modules\npm\lib\commands\install.js:146:5)
18 verbose stack     at async Npm.exec (D:\app\node.js\node_modules\npm\lib\npm.js:193:9)
18 verbose stack     at async module.exports (D:\app\node.js\node_modules\npm\lib\cli\entry.js:67:5)
19 error code ERESOLVE
20 error ERESOLVE could not resolve
21 error
22 error While resolving: eslint-config-next@14.2.15
22 error Found: eslint@9.39.4
22 error node_modules/eslint
22 error   dev eslint@"^9.12.0" from the root project
22 error   peer eslint@"^6.0.0 || ^7.0.0 || >=8.0.0" from @eslint-community/eslint-utils@4.9.1
22 error   node_modules/@eslint-community/eslint-utils
22 error     @eslint-community/eslint-utils@"^4.9.1" from @typescript-eslint/utils@8.60.0
22 error     node_modules/@typescript-eslint/utils
22 error       @typescript-eslint/utils@"8.60.0" from @typescript-eslint/eslint-plugin@8.60.0
22 error       node_modules/@typescript-eslint/eslint-plugin
22 error         @typescript-eslint/eslint-plugin@"^5.4.2 || ^6.0.0 || ^7.0.0 || ^8.0.0" from eslint-config-next@14.2.15
22 error         node_modules/eslint-config-next
22 error       1 more (@typescript-eslint/type-utils)
22 error     @eslint-community/eslint-utils@"^4.8.0" from eslint@9.39.4
22 error   8 more (@typescript-eslint/eslint-plugin, ...)
22 error
22 error Could not resolve dependency:
22 error peer eslint@"^7.23.0 || ^8.0.0" from eslint-config-next@14.2.15
22 error node_modules/eslint-config-next
22 error   dev eslint-config-next@"14.2.15" from the root project
22 error
22 error Conflicting peer dependency: eslint@8.57.1
22 error node_modules/eslint
22 error   peer eslint@"^7.23.0 || ^8.0.0" from eslint-config-next@14.2.15
22 error   node_modules/eslint-config-next
22 error     dev eslint-config-next@"14.2.15" from the root project
22 error
22 error Fix the upstream dependency conflict, or retry this command with --force or --legacy-peer-deps to accept an incorrect (and potentially broken) dependency resolution.
23 error
23 error
23 error For a full report see:
23 error F:\项目\web\.npm-cache\_logs\2026-06-02T12_44_23_649Z-eresolve-report.txt
24 silly unfinished npm timer reify 1780404264215
25 silly unfinished npm timer reify:loadTrees 1780404264217
26 silly unfinished npm timer idealTree:buildDeps 1780404264342
27 silly unfinished npm timer idealTree:node_modules/eslint-config-next 1780404264343
28 verbose cwd F:\项目\web
29 verbose os Windows_NT 10.0.22631
30 verbose node v24.16.0
31 verbose npm  v11.13.0
32 verbose exit 1
33 verbose code 1
34 error A complete log of this run can be found in: F:\项目\web\.npm-cache\_logs\2026-06-02T12_44_23_649Z-debug-0.log
